0 0.000000 0.000000
5 0.002330 -15120.292969
10 0.008738 -11823.390625
15 0.021942 -9526.793945
20 0.043495 -7820.019043
25 0.051262 -7410.190430
30 0.048544 -7546.100586
35 0.021165 -9616.689453
40 0.002524 -14920.644531
45 0.000000 0.000000
50 0.000000 0.000000
55 0.000000 0.000000
60 0.000000 0.000000
65 0.000000 0.000000
70 0.000000 0.000000
75 0.000000 0.000000
80 0.000000 0.000000
85 0.000000 0.000000
90 0.000000 0.000000
95 0.000000 0.000000
100 0.000000 0.000000
105 0.000000 0.000000
110 0.000000 0.000000
115 0.000000 0.000000
120 0.000000 0.000000
125 0.000000 0.000000
130 0.000000 0.000000
135 0.000000 0.000000
140 0.000000 0.000000
145 0.000000 0.000000
150 0.000000 0.000000
155 0.000000 0.000000
160 0.000000 0.000000
165 0.000000 0.000000
170 0.000000 0.000000
175 0.000000 0.000000
180 0.000000 0.000000
185 0.000000 0.000000
190 0.000000 0.000000
195 0.000000 0.000000
200 0.000000 0.000000
205 0.000000 0.000000
210 0.000000 0.000000
215 0.000000 0.000000
220 0.000000 0.000000
225 0.000000 0.000000
230 0.000000 0.000000
235 0.000000 0.000000
240 0.000000 0.000000
245 0.000194 -21318.492188
250 0.001748 -15837.876953
255 0.004660 -13391.354492
260 0.010874 -11277.901367
265 0.024854 -9215.884766
270 0.037476 -8191.564453
275 0.036311 -8270.336914
280 0.034175 -8421.552734
285 0.022524 -9461.427734
290 0.013204 -10793.610352
295 0.010291 -11415.232422
300 0.002524 -14920.644531
305 0.000971 -17304.011719
310 0.000000 0.000000
315 0.000000 0.000000
320 0.000194 -21318.492188
325 0.000000 0.000000
